# JRE version: Java(TM) SE Runtime Environment (8.0_144-b01) (build 1.8.0_144-b01)
# Java VM: Java HotSpot(TM) 64-Bit Server VM (25.144-b01 mixed mode linux-amd64 compressed oops)
Heap:
 def new generation   total 314560K, used 130231K [0x00000000c0000000, 0x00000000d5550000, 0x00000000d5550000)
  eden space 279616K,  34% used [0x00000000c0000000, 0x00000000c5d0df88, 0x00000000d1110000)
  from space 34944K, 100% used [0x00000000d1110000, 0x00000000d3330000, 0x00000000d3330000)
  to   space 34944K,   0% used [0x00000000d3330000, 0x00000000d3330000, 0x00000000d5550000)
 tenured generation   total 699072K, used 199321K [0x00000000d5550000, 0x0000000100000000, 0x0000000100000000)
   the space 699072K,  28% used [0x00000000d5550000, 0x00000000e17f6778, 0x00000000e17f6800, 0x0000000100000000)
 Metaspace       used 121764K, capacity 122557K, committed 122880K, reserved 1150976K
  class space    used 20457K, capacity 20692K, committed 20736K, reserved 1048576K
GC Heap History (10 events):
Event: 432.166 GC heap before
{Heap before GC invocations=8 (full 2):
 def new generation   total 314560K, used 290657K [0x00000000c0000000, 0x00000000d5550000, 0x00000000d5550000)
  eden space 279616K, 100% used [0x00000000c0000000, 0x00000000d1110000, 0x00000000d1110000)
  from space 34944K,  31% used [0x00000000d1110000, 0x00000000d1bd8618, 0x00000000d3330000)
  to   space 34944K,   0% used [0x00000000d3330000, 0x00000000d3330000, 0x00000000d5550000)
 tenured generation   total 699072K, used 35384K [0x00000000d5550000, 0x0000000100000000, 0x0000000100000000)
   the space 699072K,   5% used [0x00000000d5550000, 0x00000000d77de160, 0x00000000d77de200, 0x0000000100000000)
 Metaspace       used 71859K, capacity 72518K, committed 72832K, reserved 1110016K
  class space    used 12690K, capacity 12870K, committed 12928K, reserved 1048576K
Event: 432.206 GC heap after
Heap after GC invocations=9 (full 2):
 def new generation   total 314560K, used 20759K [0x00000000c0000000, 0x00000000d5550000, 0x00000000d5550000)
  eden space 279616K,   0% used [0x00000000c0000000, 0x00000000c0000000, 0x00000000d1110000)
  from space 34944K,  59% used [0x00000000d3330000, 0x00000000d4775ed8, 0x00000000d5550000)
  to   space 34944K,   0% used [0x00000000d1110000, 0x00000000d1110000, 0x00000000d3330000)
 tenured generation   total 699072K, used 35384K [0x00000000d5550000, 0x0000000100000000, 0x0000000100000000)
   the space 699072K,   5% used [0x00000000d5550000, 0x00000000d77de160, 0x00000000d77de200, 0x0000000100000000)
 Metaspace       used 71859K, capacity 72518K, committed 72832K, reserved 1110016K
  class space    used 12690K, capacity 12870K, committed 12928K, reserved 1048576K
}
Event: 432.878 GC heap before
{Heap before GC invocations=9 (full 2):
 def new generation   total 314560K, used 49106K [0x00000000c0000000, 0x00000000d5550000, 0x00000000d5550000)
  eden space 279616K,  10% used [0x00000000c0000000, 0x00000000c1baece0, 0x00000000d1110000)
  from space 34944K,  59% used [0x00000000d3330000, 0x00000000d4775ed8, 0x00000000d5550000)
  to   space 34944K,   0% used [0x00000000d1110000, 0x00000000d1110000, 0x00000000d3330000)
 tenured generation   total 699072K, used 35384K [0x00000000d5550000, 0x0000000100000000, 0x0000000100000000)
   the space 699072K,   5% used [0x00000000d5550000, 0x00000000d77de160, 0x00000000d77de200, 0x0000000100000000)
 Metaspace       used 75398K, capacity 76006K, committed 76160K, reserved 1112064K
  class space    used 13194K, capacity 13350K, committed 13440K, reserved 1048576K
Event: 433.190 GC heap after
Heap after GC invocations=10 (full 3):
 def new generation   total 314560K, used 0K [0x00000000c0000000, 0x00000000d5550000, 0x00000000d5550000)
  eden space 279616K,   0% used [0x00000000c0000000, 0x00000000c0000000, 0x00000000d1110000)
  from space 34944K,   0% used [0x00000000d3330000, 0x00000000d3330000, 0x00000000d5550000)
  to   space 34944K,   0% used [0x00000000d1110000, 0x00000000d1110000, 0x00000000d3330000)
 tenured generation   total 699072K, used 47590K [0x00000000d5550000, 0x0000000100000000, 0x0000000100000000)
   the space 699072K,   6% used [0x00000000d5550000, 0x00000000d83c9a18, 0x00000000d83c9c00, 0x0000000100000000)
 Metaspace       used 75345K, capacity 75908K, committed 76160K, reserved 1112064K
  class space    used 13185K, capacity 13340K, committed 13440K, reserved 1048576K
}
Event: 539.719 GC heap before
{Heap before GC invocations=10 (full 3):
 def new generation   total 314560K, used 279616K [0x00000000c0000000, 0x00000000d5550000, 0x00000000d5550000)
  eden space 279616K, 100% used [0x00000000c0000000, 0x00000000d1110000, 0x00000000d1110000)
  from space 34944K,   0% used [0x00000000d3330000, 0x00000000d3330000, 0x00000000d5550000)
  to   space 34944K,   0% used [0x00000000d1110000, 0x00000000d1110000, 0x00000000d3330000)
 tenured generation   total 699072K, used 47590K [0x00000000d5550000, 0x0000000100000000, 0x0000000100000000)
   the space 699072K,   6% used [0x00000000d5550000, 0x00000000d83c9a18, 0x00000000d83c9c00, 0x0000000100000000)
 Metaspace       used 103571K, capacity 104349K, committed 104704K, reserved 1136640K
  class space    used 17926K, capacity 18125K, committed 18176K, reserved 1048576K
Event: 539.926 GC heap after
Heap after GC invocations=11 (full 3):
 def new generation   total 314560K, used 34944K [0x00000000c0000000, 0x00000000d5550000, 0x00000000d5550000)
  eden space 279616K,   0% used [0x00000000c0000000, 0x00000000c0000000, 0x00000000d1110000)
  from space 34944K, 100% used [0x00000000d1110000, 0x00000000d3330000, 0x00000000d3330000)
  to   space 34944K,   0% used [0x00000000d3330000, 0x00000000d3330000, 0x00000000d5550000)
 tenured generation   total 699072K, used 87900K [0x00000000d5550000, 0x0000000100000000, 0x0000000100000000)
   the space 699072K,  12% used [0x00000000d5550000, 0x00000000dab27310, 0x00000000dab27400, 0x0000000100000000)
 Metaspace       used 103571K, capacity 104349K, committed 104704K, reserved 1136640K
  class space    used 17926K, capacity 18125K, committed 18176K, reserved 1048576K
}
Event: 557.521 GC heap before
{Heap before GC invocations=11 (full 3):
 def new generation   total 314560K, used 314560K [0x00000000c0000000, 0x00000000d5550000, 0x00000000d5550000)
  eden space 279616K, 100% used [0x00000000c0000000, 0x00000000d1110000, 0x00000000d1110000)
  from space 34944K, 100% used [0x00000000d1110000, 0x00000000d3330000, 0x00000000d3330000)
  to   space 34944K,   0% used [0x00000000d3330000, 0x00000000d3330000, 0x00000000d5550000)
 tenured generation   total 699072K, used 87900K [0x00000000d5550000, 0x0000000100000000, 0x0000000100000000)
   the space 699072K,  12% used [0x00000000d5550000, 0x00000000dab27310, 0x00000000dab27400, 0x0000000100000000)
 Metaspace       used 115218K, capacity 116029K, committed 116352K, reserved 1146880K
  class space    used 19535K, capacity 19757K, committed 19840K, reserved 1048576K
Event: 557.935 GC heap after
Heap after GC invocations=12 (full 3):
 def new generation   total 314560K, used 34943K [0x00000000c0000000, 0x00000000d5550000, 0x00000000d5550000)
  eden space 279616K,   0% used [0x00000000c0000000, 0x00000000c0000000, 0x00000000d1110000)
  from space 34944K,  99% used [0x00000000d3330000, 0x00000000d554fff8, 0x00000000d5550000)
  to   space 34944K,   0% used [0x00000000d1110000, 0x00000000d1110000, 0x00000000d3330000)
 tenured generation   total 699072K, used 133523K [0x00000000d5550000, 0x0000000100000000, 0x0000000100000000)
   the space 699072K,  19% used [0x00000000d5550000, 0x00000000dd7b4d78, 0x00000000dd7b4e00, 0x0000000100000000)
 Metaspace       used 115218K, capacity 116029K, committed 116352K, reserved 1146880K
  class space    used 19535K, capacity 19757K, committed 19840K, reserved 1048576K
}
Event: 569.036 GC heap before
{Heap before GC invocations=12 (full 3):
 def new generation   total 314560K, used 314559K [0x00000000c0000000, 0x00000000d5550000, 0x00000000d5550000)
  eden space 279616K, 100% used [0x00000000c0000000, 0x00000000d1110000, 0x00000000d1110000)
  from space 34944K,  99% used [0x00000000d3330000, 0x00000000d554fff8, 0x00000000d5550000)
  to   space 34944K,   0% used [0x00000000d1110000, 0x00000000d1110000, 0x00000000d3330000)
 tenured generation   total 699072K, used 133523K [0x00000000d5550000, 0x0000000100000000, 0x0000000100000000)
   the space 699072K,  19% used [0x00000000d5550000, 0x00000000dd7b4d78, 0x00000000dd7b4e00, 0x0000000100000000)
 Metaspace       used 121611K, capacity 122429K, committed 122880K, reserved 1150976K
  class space    used 20440K, capacity 20692K, committed 20736K, reserved 1048576K
Event: 569.670 GC heap after
Heap after GC invocations=13 (full 3):
 def new generation   total 314560K, used 34944K [0x00000000c0000000, 0x00000000d5550000, 0x00000000d5550000)
  eden space 279616K,   0% used [0x00000000c0000000, 0x00000000c0000000, 0x00000000d1110000)
  from space 34944K, 100% used [0x00000000d1110000, 0x00000000d3330000, 0x00000000d3330000)
  to   space 34944K,   0% used [0x00000000d3330000, 0x00000000d3330000, 0x00000000d5550000)
 tenured generation   total 699072K, used 199321K [0x00000000d5550000, 0x0000000100000000, 0x0000000100000000)
   the space 699072K,  28% used [0x00000000d5550000, 0x00000000e17f6778, 0x00000000e17f6800, 0x0000000100000000)
 Metaspace       used 121611K, capacity 122429K, committed 122880K, reserved 1150976K
  class space    used 20440K, capacity 20692K, committed 20736K, reserved 1048576K
}

